TN:
SF:/Users/kkannan/Documents/Jesttrain/src/controllers/users.js
FN:3,(anonymous_0)
FN:6,(anonymous_1)
FN:9,(anonymous_2)
FNF:3
FNH:2
FNDA:1,(anonymous_0)
FNDA:1,(anonymous_1)
FNDA:0,(anonymous_2)
DA:1,1
DA:2,1
DA:4,1
DA:7,1
DA:9,0
DA:12,1
LF:6
LH:5
BRF:0
BRH:0
end_of_record
TN:
SF:/Users/kkannan/Documents/Jesttrain/src/models/fibonacci.js
FN:2,(anonymous_0)
FN:6,(anonymous_1)
FN:15,(anonymous_2)
FNF:3
FNH:3
FNDA:18,(anonymous_0)
FNDA:3,(anonymous_1)
FNDA:1,(anonymous_2)
DA:1,1
DA:3,18
DA:4,18
DA:7,3
DA:8,3
DA:9,3
DA:10,3
DA:11,17
DA:13,3
DA:16,1
DA:17,1
DA:21,1
LF:12
LH:12
BRF:0
BRH:0
end_of_record
TN:
SF:/Users/kkannan/Documents/Jesttrain/src/models/simpleFibonocci.js
FN:2,fib
FN:5,fibSequence
FNF:2
FNH:2
FNDA:1,fib
FNDA:25,fibSequence
DA:1,1
DA:3,1
DA:6,25
DA:7,12
DA:10,1
LF:5
LH:5
BRDA:6,0,0,13
BRDA:6,0,1,12
BRF:2
BRH:2
end_of_record
